[2026-06-26 13:47:41] === Démarrage du cron d'envoi ===
[2026-06-26 13:47:50] 2 email(s) traité(s)
[2026-06-26 13:48:00] 2 email(s) traité(s)
[2026-06-26 13:48:09] 2 email(s) traité(s)
[2026-06-26 13:48:09] === Cron terminé avec succès ===
[2026-06-26 13:53:43] === Démarrage du cron d'envoi ===
[2026-06-26 13:53:43] Email envoyé à pelagie.babakazo@unikin.ac.cd (job: 3)
[2026-06-26 13:53:44] Email envoyé à jeanjacques.muyembe@unikin.ac.cd (job: 4)
[2026-06-26 13:53:45] Email envoyé à pius.kabututu@unikin.ac.cd (job: 5)
[2026-06-26 13:53:45] Email envoyé à erick.kamangu@unikin.ac.cd (job: 6)
[2026-06-26 13:53:46] Email envoyé à mireille.nganga@unikin.ac.cd (job: 7)
[2026-06-26 13:53:46] Email envoyé à vivi.maketa@unikin.ac.cd (job: 8)
[2026-06-26 13:53:47] Email envoyé à mamy.ngole@unikin.ac.cd (job: 9)
[2026-06-26 13:53:47] Email envoyé à victor.ndadi@unikin.ac.cd (job: 10)
[2026-06-26 13:53:48] Email envoyé à desiremashinda@unikin.ac.cd (job: 11)
[2026-06-26 13:53:48] Email envoyé à harry.kayembe@unikin.ac.cd (job: 12)
[2026-06-26 13:53:49] Email envoyé à jm.kayembe@unikin.ac.cd (job: 13)
[2026-06-26 13:53:49] Email envoyé à leopold.mfumu@unikin.ac.cd (job: 14)
[2026-06-26 13:53:50] Email envoyé à bienvenu.lebwaze@unikin.ac.cd (job: 15)
[2026-06-26 13:53:50] Email envoyé à rebecca.walo@unikin.ac.cd (job: 16)
[2026-06-26 13:53:51] Email envoyé à awa.sy@ucad.edu.sn (job: 17)
[2026-06-26 13:53:51] Email envoyé à aida.kanoute@ucad.edu.sn (job: 18)
[2026-06-26 13:53:52] Email envoyé à maty.camara@ucad.edu.sn (job: 19)
[2026-06-26 13:53:53] Email envoyé à nafissatou.sakho@ucad.edu.sn (job: 20)
[2026-06-26 13:53:53] Email envoyé à massamba.diouf@ucad.edu.sn (job: 21)
[2026-06-26 13:53:54] Email envoyé à omar.gassama@ucad.edu.sn (job: 22)
[2026-06-26 13:53:54] Email envoyé à mariamegueye.ba@ucad.edu.sn (job: 23)
[2026-06-26 13:53:55] Email envoyé à abou.ba@ucad.edu.sn (job: 24)
[2026-06-26 13:53:55] Email envoyé à ndeyemaimouna.mbaye@ucad.edu.sn (job: 25)
[2026-06-26 13:53:56] Email envoyé à ousmane2.ndiaye@ucad.edu.sn (job: 26)
[2026-06-26 13:53:56] Email envoyé à oumar.bassoum@ucad.edu.sn (job: 27)
[2026-06-26 13:53:57] Email envoyé à abdoulaziz.diouf@ucad.edu.sn (job: 28)
[2026-06-26 13:53:57] Email envoyé à jeanaugustindiegane.tine@ucad.edu.sn (job: 29)
[2026-06-26 13:53:58] Email envoyé à mamadou.leye@ucad.edu.sn (job: 30)
[2026-06-26 13:53:58] Email envoyé à alou.diaby@ucad.edu.sn (job: 31)
[2026-06-26 13:53:59] Email envoyé à mbathio2.diop@ucad.edu.sn (job: 32)
[2026-06-26 13:54:00] Email envoyé à aissatou3.mbodji@ucad.edu.sn (job: 33)
[2026-06-26 13:54:00] Email envoyé à mouhamadoumansour1.niang@ucad.edu.sn (job: 34)
[2026-06-26 13:54:01] Email envoyé à yakham.leye@ucad.edu.sn (job: 35)
[2026-06-26 13:54:01] Email envoyé à soufianou.moussa@ucad.edu.sn (job: 36)
[2026-06-26 13:54:02] Email envoyé à rbelouali@um6ss.ma (job: 37)
[2026-06-26 13:54:02] Email envoyé à issambennis@um6ss.ma (job: 38)
[2026-06-26 13:54:03] Email envoyé à drjheikel@gmail.com (job: 39)
[2026-06-26 13:54:03] Email envoyé à leptospirosis2012@hotmail.com (job: 40)
[2026-06-26 13:54:04] Email envoyé à sbelabbes@um6ss.ma (job: 41)
[2026-06-26 13:54:04] Email envoyé à szbiri@um6ss.ma (job: 42)
[2026-06-26 13:54:05] Email envoyé à ajamalalaoui@um6ss.ma (job: 43)
[2026-06-26 13:54:06] Email envoyé à hloutfi@um6ss.ma (job: 44)
[2026-06-26 13:54:06] Email envoyé à relaje@um6ss.ma (job: 45)
[2026-06-26 13:54:07] Email envoyé à rmenani@um6ss.ma (job: 46)
[2026-06-26 13:54:07] Email envoyé à haitchihab@um6ss.ma (job: 47)
[2026-06-26 13:54:08] Email envoyé à mkhalis@um6ss.ma (job: 48)
[2026-06-26 13:54:08] Email envoyé à khayisam@gmail.com (job: 49)
[2026-06-26 13:54:09] Email envoyé à mben.casa@gmail.com (job: 50)
[2026-06-26 13:54:09] Email envoyé à tarik.chafiq1@gmail.com (job: 51)
[2026-06-26 13:54:10] Email envoyé à didier.ekouevi@gmail.com (job: 52)
[2026-06-26 13:54:11] Email envoyé à admin@your-domain.local (job: 53)
[2026-06-26 13:54:11] Email envoyé à donatienkanane@gmail.com (job: 54)
[2026-06-26 13:54:12] Email envoyé à pelagie.babakazo@unikin.ac.cd (job: 55)
[2026-06-26 13:54:12] Email envoyé à jeanjacques.muyembe@unikin.ac.cd (job: 56)
[2026-06-26 13:54:13] Email envoyé à pius.kabututu@unikin.ac.cd (job: 57)
[2026-06-26 13:54:13] Email envoyé à erick.kamangu@unikin.ac.cd (job: 58)
[2026-06-26 13:54:14] Email envoyé à mireille.nganga@unikin.ac.cd (job: 59)
[2026-06-26 13:54:14] Email envoyé à vivi.maketa@unikin.ac.cd (job: 60)
[2026-06-26 13:54:15] Email envoyé à mamy.ngole@unikin.ac.cd (job: 61)
[2026-06-26 13:54:16] Email envoyé à victor.ndadi@unikin.ac.cd (job: 62)
[2026-06-26 13:54:16] Email envoyé à desiremashinda@unikin.ac.cd (job: 63)
[2026-06-26 13:54:17] Email envoyé à harry.kayembe@unikin.ac.cd (job: 64)
[2026-06-26 13:54:17] Email envoyé à jm.kayembe@unikin.ac.cd (job: 65)
[2026-06-26 13:54:18] Email envoyé à leopold.mfumu@unikin.ac.cd (job: 66)
[2026-06-26 13:54:18] Email envoyé à bienvenu.lebwaze@unikin.ac.cd (job: 67)
[2026-06-26 13:54:19] Email envoyé à rebecca.walo@unikin.ac.cd (job: 68)
[2026-06-26 13:54:20] Email envoyé à awa.sy@ucad.edu.sn (job: 69)
[2026-06-26 13:54:20] Email envoyé à aida.kanoute@ucad.edu.sn (job: 70)
[2026-06-26 13:54:21] Email envoyé à maty.camara@ucad.edu.sn (job: 71)
[2026-06-26 13:54:21] Email envoyé à nafissatou.sakho@ucad.edu.sn (job: 72)
[2026-06-26 13:54:22] Email envoyé à massamba.diouf@ucad.edu.sn (job: 73)
[2026-06-26 13:54:22] Email envoyé à omar.gassama@ucad.edu.sn (job: 74)
[2026-06-26 13:54:23] Email envoyé à mariamegueye.ba@ucad.edu.sn (job: 75)
[2026-06-26 13:54:24] Email envoyé à abou.ba@ucad.edu.sn (job: 76)
[2026-06-26 13:54:24] Email envoyé à ndeyemaimouna.mbaye@ucad.edu.sn (job: 77)
[2026-06-26 13:54:25] Email envoyé à ousmane2.ndiaye@ucad.edu.sn (job: 78)
[2026-06-26 13:54:26] Email envoyé à oumar.bassoum@ucad.edu.sn (job: 79)
[2026-06-26 13:54:26] Email envoyé à abdoulaziz.diouf@ucad.edu.sn (job: 80)
[2026-06-26 13:54:27] Email envoyé à jeanaugustindiegane.tine@ucad.edu.sn (job: 81)
[2026-06-26 13:54:27] Email envoyé à mamadou.leye@ucad.edu.sn (job: 82)
[2026-06-26 13:54:28] Email envoyé à alou.diaby@ucad.edu.sn (job: 83)
[2026-06-26 13:54:28] Email envoyé à mbathio2.diop@ucad.edu.sn (job: 84)
[2026-06-26 13:54:29] Email envoyé à aissatou3.mbodji@ucad.edu.sn (job: 85)
[2026-06-26 13:54:29] Email envoyé à mouhamadoumansour1.niang@ucad.edu.sn (job: 86)
[2026-06-26 13:54:30] Email envoyé à yakham.leye@ucad.edu.sn (job: 87)
[2026-06-26 13:54:31] Email envoyé à soufianou.moussa@ucad.edu.sn (job: 88)
[2026-06-26 13:54:31] Email envoyé à rbelouali@um6ss.ma (job: 89)
[2026-06-26 13:54:32] Email envoyé à issambennis@um6ss.ma (job: 90)
[2026-06-26 13:54:32] Email envoyé à drjheikel@gmail.com (job: 91)
[2026-06-26 13:54:33] Email envoyé à leptospirosis2012@hotmail.com (job: 92)
[2026-06-26 13:54:33] Email envoyé à sbelabbes@um6ss.ma (job: 93)
[2026-06-26 13:54:34] Email envoyé à szbiri@um6ss.ma (job: 94)
[2026-06-26 13:54:34] Email envoyé à ajamalalaoui@um6ss.ma (job: 95)
[2026-06-26 13:54:35] Email envoyé à hloutfi@um6ss.ma (job: 96)
[2026-06-26 13:54:36] Email envoyé à relaje@um6ss.ma (job: 97)
[2026-06-26 13:54:36] Email envoyé à rmenani@um6ss.ma (job: 98)
[2026-06-26 13:54:37] Email envoyé à haitchihab@um6ss.ma (job: 99)
[2026-06-26 13:54:37] Email envoyé à mkhalis@um6ss.ma (job: 100)
[2026-06-26 13:54:38] Email envoyé à khayisam@gmail.com (job: 101)
[2026-06-26 13:54:38] Email envoyé à mben.casa@gmail.com (job: 102)
[2026-06-26 13:54:39] 100 email(s) traité(s)
[2026-06-26 13:54:39] Email envoyé à tarik.chafiq1@gmail.com (job: 103)
[2026-06-26 13:54:39] Email envoyé à didier.ekouevi@gmail.com (job: 104)
[2026-06-26 13:54:40] Email envoyé à admin@your-domain.local (job: 105)
[2026-06-26 13:54:40] Email envoyé à donatienkanane@gmail.com (job: 106)
[2026-06-26 13:54:41] 4 email(s) traité(s)
[2026-06-26 13:54:41] === Cron terminé avec succès ===
[2026-06-26 14:08:31] === Démarrage du cron d'envoi ===
[2026-06-26 14:08:31] Email envoyé à pelagie.babakazo@unikin.ac.cd (job: 160)
[2026-06-26 14:08:31] Email envoyé à jeanjacques.muyembe@unikin.ac.cd (job: 161)
[2026-06-26 14:08:32] Email envoyé à pius.kabututu@unikin.ac.cd (job: 162)
[2026-06-26 14:08:32] Email envoyé à erick.kamangu@unikin.ac.cd (job: 163)
[2026-06-26 14:08:33] Email envoyé à mireille.nganga@unikin.ac.cd (job: 164)
[2026-06-26 14:08:33] Email envoyé à vivi.maketa@unikin.ac.cd (job: 165)
[2026-06-26 14:08:34] Email envoyé à mamy.ngole@unikin.ac.cd (job: 166)
[2026-06-26 14:08:34] Email envoyé à victor.ndadi@unikin.ac.cd (job: 167)
[2026-06-26 14:08:35] Email envoyé à desiremashinda@unikin.ac.cd (job: 168)
[2026-06-26 14:08:35] Email envoyé à harry.kayembe@unikin.ac.cd (job: 169)
[2026-06-26 14:08:36] Email envoyé à jm.kayembe@unikin.ac.cd (job: 170)
[2026-06-26 14:08:36] Email envoyé à leopold.mfumu@unikin.ac.cd (job: 171)
[2026-06-26 14:08:37] Email envoyé à bienvenu.lebwaze@unikin.ac.cd (job: 172)
[2026-06-26 14:08:37] Email envoyé à rebecca.walo@unikin.ac.cd (job: 173)
[2026-06-26 14:08:38] Email envoyé à awa.sy@ucad.edu.sn (job: 174)
[2026-06-26 14:08:38] Email envoyé à aida.kanoute@ucad.edu.sn (job: 175)
[2026-06-26 14:08:39] Email envoyé à maty.camara@ucad.edu.sn (job: 176)
[2026-06-26 14:08:39] Email envoyé à nafissatou.sakho@ucad.edu.sn (job: 177)
[2026-06-26 14:08:40] Email envoyé à massamba.diouf@ucad.edu.sn (job: 178)
[2026-06-26 14:08:40] Email envoyé à omar.gassama@ucad.edu.sn (job: 179)
[2026-06-26 14:08:41] Email envoyé à mariamegueye.ba@ucad.edu.sn (job: 180)
[2026-06-26 14:08:41] Email envoyé à abou.ba@ucad.edu.sn (job: 181)
[2026-06-26 14:08:42] Email envoyé à ndeyemaimouna.mbaye@ucad.edu.sn (job: 182)
[2026-06-26 14:08:43] Email envoyé à ousmane2.ndiaye@ucad.edu.sn (job: 183)
[2026-06-26 14:08:43] Email envoyé à oumar.bassoum@ucad.edu.sn (job: 184)
[2026-06-26 14:08:44] Email envoyé à abdoulaziz.diouf@ucad.edu.sn (job: 185)
[2026-06-26 14:08:44] Email envoyé à jeanaugustindiegane.tine@ucad.edu.sn (job: 186)
[2026-06-26 14:08:45] Email envoyé à mamadou.leye@ucad.edu.sn (job: 187)
[2026-06-26 14:08:45] Email envoyé à alou.diaby@ucad.edu.sn (job: 188)
[2026-06-26 14:08:46] Email envoyé à mbathio2.diop@ucad.edu.sn (job: 189)
[2026-06-26 14:08:46] Email envoyé à aissatou3.mbodji@ucad.edu.sn (job: 190)
[2026-06-26 14:08:47] Email envoyé à mouhamadoumansour1.niang@ucad.edu.sn (job: 191)
[2026-06-26 14:08:47] Email envoyé à yakham.leye@ucad.edu.sn (job: 192)
[2026-06-26 14:08:48] Email envoyé à soufianou.moussa@ucad.edu.sn (job: 193)
[2026-06-26 14:08:48] Email envoyé à rbelouali@um6ss.ma (job: 194)
[2026-06-26 14:08:49] Email envoyé à issambennis@um6ss.ma (job: 195)
[2026-06-26 14:08:49] Email envoyé à drjheikel@gmail.com (job: 196)
[2026-06-26 14:08:50] Email envoyé à leptospirosis2012@hotmail.com (job: 197)
[2026-06-26 14:08:50] Email envoyé à sbelabbes@um6ss.ma (job: 198)
[2026-06-26 14:08:51] Email envoyé à szbiri@um6ss.ma (job: 199)
[2026-06-26 14:08:51] Email envoyé à ajamalalaoui@um6ss.ma (job: 200)
[2026-06-26 14:08:52] Email envoyé à hloutfi@um6ss.ma (job: 201)
[2026-06-26 14:08:52] Email envoyé à relaje@um6ss.ma (job: 202)
[2026-06-26 14:08:53] Email envoyé à rmenani@um6ss.ma (job: 203)
[2026-06-26 14:08:53] Email envoyé à haitchihab@um6ss.ma (job: 204)
[2026-06-26 14:08:54] Email envoyé à mkhalis@um6ss.ma (job: 205)
[2026-06-26 14:08:55] Email envoyé à khayisam@gmail.com (job: 206)
[2026-06-26 14:08:56] Email envoyé à mben.casa@gmail.com (job: 207)
[2026-06-26 14:08:56] Email envoyé à tarik.chafiq1@gmail.com (job: 208)
[2026-06-26 14:08:57] Email envoyé à didier.ekouevi@gmail.com (job: 209)
[2026-06-26 14:08:57] Email envoyé à dontka243@gmail.com (job: 210)
[2026-06-26 14:08:58] Email envoyé à admin@your-domain.local (job: 211)
[2026-06-26 14:08:58] Email envoyé à donatienkanane@gmail.com (job: 212)
[2026-06-26 14:08:59] 53 email(s) traité(s)
[2026-06-26 14:08:59] === Cron terminé avec succès ===
[2026-06-26 14:10:37] === Démarrage du cron d'envoi ===
[2026-06-26 14:10:37] Email envoyé à pelagie.babakazo@unikin.ac.cd (job: 213)
[2026-06-26 14:10:37] Email envoyé à jeanjacques.muyembe@unikin.ac.cd (job: 214)
[2026-06-26 14:10:38] Email envoyé à pius.kabututu@unikin.ac.cd (job: 215)
[2026-06-26 14:10:38] Email envoyé à erick.kamangu@unikin.ac.cd (job: 216)
[2026-06-26 14:10:39] Email envoyé à mireille.nganga@unikin.ac.cd (job: 217)
[2026-06-26 14:10:39] Email envoyé à vivi.maketa@unikin.ac.cd (job: 218)
[2026-06-26 14:10:40] Email envoyé à mamy.ngole@unikin.ac.cd (job: 219)
[2026-06-26 14:10:40] Email envoyé à victor.ndadi@unikin.ac.cd (job: 220)
[2026-06-26 14:10:41] Email envoyé à desiremashinda@unikin.ac.cd (job: 221)
[2026-06-26 14:10:41] Email envoyé à harry.kayembe@unikin.ac.cd (job: 222)
[2026-06-26 14:10:42] Email envoyé à jm.kayembe@unikin.ac.cd (job: 223)
[2026-06-26 14:10:42] Email envoyé à leopold.mfumu@unikin.ac.cd (job: 224)
[2026-06-26 14:10:43] Email envoyé à bienvenu.lebwaze@unikin.ac.cd (job: 225)
[2026-06-26 14:10:44] Email envoyé à rebecca.walo@unikin.ac.cd (job: 226)
[2026-06-26 14:10:44] Email envoyé à awa.sy@ucad.edu.sn (job: 227)
[2026-06-26 14:10:45] Email envoyé à aida.kanoute@ucad.edu.sn (job: 228)
[2026-06-26 14:10:45] Email envoyé à maty.camara@ucad.edu.sn (job: 229)
[2026-06-26 14:10:46] Email envoyé à nafissatou.sakho@ucad.edu.sn (job: 230)
[2026-06-26 14:10:46] Email envoyé à massamba.diouf@ucad.edu.sn (job: 231)
[2026-06-26 14:10:47] Email envoyé à omar.gassama@ucad.edu.sn (job: 232)
[2026-06-26 14:10:47] Email envoyé à mariamegueye.ba@ucad.edu.sn (job: 233)
[2026-06-26 14:10:48] Email envoyé à abou.ba@ucad.edu.sn (job: 234)
[2026-06-26 14:10:48] Email envoyé à ndeyemaimouna.mbaye@ucad.edu.sn (job: 235)
[2026-06-26 14:10:49] Email envoyé à ousmane2.ndiaye@ucad.edu.sn (job: 236)
[2026-06-26 14:10:49] Email envoyé à oumar.bassoum@ucad.edu.sn (job: 237)
[2026-06-26 14:10:50] Email envoyé à abdoulaziz.diouf@ucad.edu.sn (job: 238)
[2026-06-26 14:10:50] Email envoyé à jeanaugustindiegane.tine@ucad.edu.sn (job: 239)
[2026-06-26 14:10:51] Email envoyé à mamadou.leye@ucad.edu.sn (job: 240)
[2026-06-26 14:10:51] Email envoyé à alou.diaby@ucad.edu.sn (job: 241)
[2026-06-26 14:10:52] Email envoyé à mbathio2.diop@ucad.edu.sn (job: 242)
[2026-06-26 14:10:52] Email envoyé à aissatou3.mbodji@ucad.edu.sn (job: 243)
[2026-06-26 14:10:53] Email envoyé à mouhamadoumansour1.niang@ucad.edu.sn (job: 244)
[2026-06-26 14:10:53] Email envoyé à yakham.leye@ucad.edu.sn (job: 245)
[2026-06-26 14:10:54] Email envoyé à soufianou.moussa@ucad.edu.sn (job: 246)
[2026-06-26 14:10:55] Email envoyé à rbelouali@um6ss.ma (job: 247)
[2026-06-26 14:10:55] Email envoyé à issambennis@um6ss.ma (job: 248)
[2026-06-26 14:10:56] Email envoyé à drjheikel@gmail.com (job: 249)
[2026-06-26 14:10:56] Email envoyé à leptospirosis2012@hotmail.com (job: 250)
[2026-06-26 14:10:57] Email envoyé à sbelabbes@um6ss.ma (job: 251)
[2026-06-26 14:10:57] Email envoyé à szbiri@um6ss.ma (job: 252)
[2026-06-26 14:10:58] Email envoyé à ajamalalaoui@um6ss.ma (job: 253)
[2026-06-26 14:10:58] Email envoyé à hloutfi@um6ss.ma (job: 254)
[2026-06-26 14:10:59] Email envoyé à relaje@um6ss.ma (job: 255)
[2026-06-26 14:10:59] Email envoyé à rmenani@um6ss.ma (job: 256)
[2026-06-26 14:11:00] Email envoyé à haitchihab@um6ss.ma (job: 257)
[2026-06-26 14:11:00] Email envoyé à mkhalis@um6ss.ma (job: 258)
[2026-06-26 14:11:01] Email envoyé à khayisam@gmail.com (job: 259)
[2026-06-26 14:11:01] Email envoyé à mben.casa@gmail.com (job: 260)
[2026-06-26 14:11:02] Email envoyé à tarik.chafiq1@gmail.com (job: 261)
[2026-06-26 14:11:02] Email envoyé à didier.ekouevi@gmail.com (job: 262)
[2026-06-26 14:11:03] Email envoyé à dontka243@gmail.com (job: 263)
[2026-06-26 14:11:03] Email envoyé à admin@your-domain.local (job: 264)
[2026-06-26 14:11:04] Email envoyé à donatienkanane@gmail.com (job: 265)
[2026-06-26 14:11:04] 53 email(s) traité(s)
[2026-06-26 14:11:04] === Cron terminé avec succès ===
[2026-06-27 09:33:20] 1 newsletter(s) passée(s) à l'état 'sending'
[2026-06-27 09:33:21] Email envoyé à pelagie.babakazo@unikin.ac.cd (job: 266)
[2026-06-27 09:33:21] Email envoyé à jeanjacques.muyembe@unikin.ac.cd (job: 267)
[2026-06-27 09:33:22] Email envoyé à pius.kabututu@unikin.ac.cd (job: 268)
[2026-06-27 09:33:22] Email envoyé à erick.kamangu@unikin.ac.cd (job: 269)
[2026-06-27 09:33:23] Email envoyé à mireille.nganga@unikin.ac.cd (job: 270)
[2026-06-27 09:33:23] Email envoyé à vivi.maketa@unikin.ac.cd (job: 271)
[2026-06-27 09:33:24] Email envoyé à mamy.ngole@unikin.ac.cd (job: 272)
[2026-06-27 09:33:24] Email envoyé à victor.ndadi@unikin.ac.cd (job: 273)
[2026-06-27 09:33:25] Email envoyé à desiremashinda@unikin.ac.cd (job: 274)
[2026-06-27 09:33:25] Email envoyé à harry.kayembe@unikin.ac.cd (job: 275)
[2026-06-27 09:33:26] 10 email(s) traité(s)
[2026-06-27 09:36:32] Email envoyé à jm.kayembe@unikin.ac.cd (job: 276)
[2026-06-27 09:36:33] Email envoyé à leopold.mfumu@unikin.ac.cd (job: 277)
[2026-06-27 09:36:33] Email envoyé à bienvenu.lebwaze@unikin.ac.cd (job: 278)
[2026-06-27 09:36:34] Email envoyé à rebecca.walo@unikin.ac.cd (job: 279)
[2026-06-27 09:36:35] Email envoyé à awa.sy@ucad.edu.sn (job: 280)
[2026-06-27 09:36:35] Email envoyé à aida.kanoute@ucad.edu.sn (job: 281)
[2026-06-27 09:36:36] Email envoyé à maty.camara@ucad.edu.sn (job: 282)
[2026-06-27 09:36:36] Email envoyé à nafissatou.sakho@ucad.edu.sn (job: 283)
[2026-06-27 09:36:37] Email envoyé à massamba.diouf@ucad.edu.sn (job: 284)
[2026-06-27 09:36:37] Email envoyé à omar.gassama@ucad.edu.sn (job: 285)
[2026-06-27 09:36:38] 10 email(s) traité(s)
[2026-06-27 09:37:10] Email envoyé à mariamegueye.ba@ucad.edu.sn (job: 286)
[2026-06-27 09:37:11] Email envoyé à abou.ba@ucad.edu.sn (job: 287)
[2026-06-27 09:37:11] Email envoyé à ndeyemaimouna.mbaye@ucad.edu.sn (job: 288)
[2026-06-27 09:37:12] Email envoyé à ousmane2.ndiaye@ucad.edu.sn (job: 289)
[2026-06-27 09:37:12] Email envoyé à oumar.bassoum@ucad.edu.sn (job: 290)
[2026-06-27 09:37:13] Email envoyé à abdoulaziz.diouf@ucad.edu.sn (job: 291)
[2026-06-27 09:37:13] Email envoyé à jeanaugustindiegane.tine@ucad.edu.sn (job: 292)
[2026-06-27 09:37:14] Email envoyé à mamadou.leye@ucad.edu.sn (job: 293)
[2026-06-27 09:37:14] Email envoyé à alou.diaby@ucad.edu.sn (job: 294)
[2026-06-27 09:37:15] Email envoyé à mbathio2.diop@ucad.edu.sn (job: 295)
[2026-06-27 09:37:15] 10 email(s) traité(s)
[2026-06-27 09:44:25] Email envoyé à aissatou3.mbodji@ucad.edu.sn (job: 296)
[2026-06-27 09:44:25] Email envoyé à mouhamadoumansour1.niang@ucad.edu.sn (job: 297)
[2026-06-27 09:44:26] Email envoyé à yakham.leye@ucad.edu.sn (job: 298)
[2026-06-27 09:44:26] Email envoyé à soufianou.moussa@ucad.edu.sn (job: 299)
[2026-06-27 09:44:27] Email envoyé à rbelouali@um6ss.ma (job: 300)
[2026-06-27 09:44:28] Email envoyé à issambennis@um6ss.ma (job: 301)
[2026-06-27 09:44:28] Email envoyé à drjheikel@gmail.com (job: 302)
[2026-06-27 09:44:29] Email envoyé à leptospirosis2012@hotmail.com (job: 303)
[2026-06-27 09:44:29] Email envoyé à sbelabbes@um6ss.ma (job: 304)
[2026-06-27 09:44:30] Email envoyé à szbiri@um6ss.ma (job: 305)
[2026-06-27 09:44:30] 10 email(s) traité(s)
[2026-06-27 09:44:30] Email envoyé à ajamalalaoui@um6ss.ma (job: 306)
[2026-06-27 09:44:31] Email envoyé à hloutfi@um6ss.ma (job: 307)
[2026-06-27 09:44:31] Email envoyé à relaje@um6ss.ma (job: 308)
[2026-06-27 09:44:32] Email envoyé à rmenani@um6ss.ma (job: 309)
[2026-06-27 09:44:32] Email envoyé à haitchihab@um6ss.ma (job: 310)
[2026-06-27 09:44:33] Email envoyé à mkhalis@um6ss.ma (job: 311)
[2026-06-27 09:44:33] Email envoyé à khayisam@gmail.com (job: 312)
[2026-06-27 09:44:34] Email envoyé à mben.casa@gmail.com (job: 313)
[2026-06-27 09:44:35] Email envoyé à tarik.chafiq1@gmail.com (job: 314)
[2026-06-27 09:44:35] Email envoyé à didier.ekouevi@gmail.com (job: 315)
[2026-06-27 09:44:36] 10 email(s) traité(s)
[2026-06-27 09:44:36] Email envoyé à dontka243@gmail.com (job: 316)
[2026-06-27 09:44:37] Email envoyé à admin@your-domain.local (job: 317)
[2026-06-27 09:44:37] Email envoyé à donatienkanane@gmail.com (job: 318)
[2026-06-27 09:44:38] Email envoyé à pelagie.babakazo@unikin.ac.cd (job: 319)
[2026-06-27 09:44:38] Email envoyé à jeanjacques.muyembe@unikin.ac.cd (job: 320)
[2026-06-27 09:44:39] Email envoyé à pius.kabututu@unikin.ac.cd (job: 321)
[2026-06-27 09:44:39] Email envoyé à erick.kamangu@unikin.ac.cd (job: 322)
[2026-06-27 09:44:40] Email envoyé à mireille.nganga@unikin.ac.cd (job: 323)
[2026-06-27 09:44:40] Email envoyé à vivi.maketa@unikin.ac.cd (job: 324)
[2026-06-27 09:44:41] Email envoyé à mamy.ngole@unikin.ac.cd (job: 325)
[2026-06-27 09:44:41] 10 email(s) traité(s)
[2026-06-27 09:44:42] Email envoyé à victor.ndadi@unikin.ac.cd (job: 326)
[2026-06-27 09:44:42] Email envoyé à desiremashinda@unikin.ac.cd (job: 327)
[2026-06-27 09:44:43] Email envoyé à harry.kayembe@unikin.ac.cd (job: 328)
[2026-06-27 09:44:43] Email envoyé à jm.kayembe@unikin.ac.cd (job: 329)
[2026-06-27 09:44:44] Email envoyé à leopold.mfumu@unikin.ac.cd (job: 330)
[2026-06-27 09:44:44] Email envoyé à bienvenu.lebwaze@unikin.ac.cd (job: 331)
[2026-06-27 09:44:45] Email envoyé à rebecca.walo@unikin.ac.cd (job: 332)
[2026-06-27 09:44:45] Email envoyé à awa.sy@ucad.edu.sn (job: 333)
[2026-06-27 09:44:46] Email envoyé à aida.kanoute@ucad.edu.sn (job: 334)
[2026-06-27 09:44:46] Email envoyé à maty.camara@ucad.edu.sn (job: 335)
[2026-06-27 09:44:47] 10 email(s) traité(s)
[2026-06-27 09:44:47] Email envoyé à nafissatou.sakho@ucad.edu.sn (job: 336)
[2026-06-27 09:44:48] Email envoyé à massamba.diouf@ucad.edu.sn (job: 337)
[2026-06-27 09:44:48] Email envoyé à omar.gassama@ucad.edu.sn (job: 338)
[2026-06-27 09:44:49] Email envoyé à mariamegueye.ba@ucad.edu.sn (job: 339)
[2026-06-27 09:44:50] Email envoyé à abou.ba@ucad.edu.sn (job: 340)
[2026-06-27 09:44:50] Email envoyé à ndeyemaimouna.mbaye@ucad.edu.sn (job: 341)
[2026-06-27 09:44:51] Email envoyé à ousmane2.ndiaye@ucad.edu.sn (job: 342)
[2026-06-27 09:44:51] Email envoyé à oumar.bassoum@ucad.edu.sn (job: 343)
[2026-06-27 09:44:52] Email envoyé à abdoulaziz.diouf@ucad.edu.sn (job: 344)
[2026-06-27 09:44:52] Email envoyé à jeanaugustindiegane.tine@ucad.edu.sn (job: 345)
[2026-06-27 09:44:53] 10 email(s) traité(s)
[2026-06-27 09:44:53] Email envoyé à mamadou.leye@ucad.edu.sn (job: 346)
[2026-06-27 09:44:54] Email envoyé à alou.diaby@ucad.edu.sn (job: 347)
[2026-06-27 09:44:54] Email envoyé à mbathio2.diop@ucad.edu.sn (job: 348)
[2026-06-27 09:44:55] Email envoyé à aissatou3.mbodji@ucad.edu.sn (job: 349)
[2026-06-27 09:44:55] Email envoyé à mouhamadoumansour1.niang@ucad.edu.sn (job: 350)
[2026-06-27 09:44:56] Email envoyé à yakham.leye@ucad.edu.sn (job: 351)
[2026-06-27 09:44:56] Email envoyé à soufianou.moussa@ucad.edu.sn (job: 352)
[2026-06-27 09:44:57] Email envoyé à rbelouali@um6ss.ma (job: 353)
[2026-06-27 09:44:57] Email envoyé à issambennis@um6ss.ma (job: 354)
[2026-06-27 09:44:58] Email envoyé à drjheikel@gmail.com (job: 355)
[2026-06-27 09:44:58] 10 email(s) traité(s)
[2026-06-27 09:44:59] Email envoyé à leptospirosis2012@hotmail.com (job: 356)
[2026-06-27 09:45:00] Email envoyé à sbelabbes@um6ss.ma (job: 357)
[2026-06-27 09:45:00] Email envoyé à szbiri@um6ss.ma (job: 358)
[2026-06-27 09:45:01] Email envoyé à ajamalalaoui@um6ss.ma (job: 359)
[2026-06-27 09:45:01] Email envoyé à hloutfi@um6ss.ma (job: 360)
[2026-06-27 09:45:02] Email envoyé à relaje@um6ss.ma (job: 361)
[2026-06-27 09:45:03] Email envoyé à rmenani@um6ss.ma (job: 362)
[2026-06-27 09:45:03] Email envoyé à haitchihab@um6ss.ma (job: 363)
[2026-06-27 09:45:04] Email envoyé à mkhalis@um6ss.ma (job: 364)
[2026-06-27 09:45:06] Email envoyé à khayisam@gmail.com (job: 365)
[2026-06-27 09:45:07] 10 email(s) traité(s)
[2026-06-27 09:45:07] Email envoyé à mben.casa@gmail.com (job: 366)
[2026-06-27 09:45:08] Email envoyé à tarik.chafiq1@gmail.com (job: 367)
[2026-06-27 09:45:09] Email envoyé à didier.ekouevi@gmail.com (job: 368)
[2026-06-27 09:45:09] Email envoyé à dontka243@gmail.com (job: 369)
[2026-06-27 09:45:10] Email envoyé à admin@your-domain.local (job: 370)
[2026-06-27 09:45:11] Email envoyé à donatienkanane@gmail.com (job: 371)
[2026-06-27 09:45:11] 6 email(s) traité(s)
[2026-06-28 16:11:32] Email envoyé à pelagie.babakazo@unikin.ac.cd (job: 372)
[2026-06-28 16:11:33] Email envoyé à jeanjacques.muyembe@unikin.ac.cd (job: 373)
[2026-06-28 16:11:33] Email envoyé à pius.kabututu@unikin.ac.cd (job: 374)
[2026-06-28 16:11:34] Email envoyé à erick.kamangu@unikin.ac.cd (job: 375)
[2026-06-28 16:11:34] Email envoyé à vivi.maketa@unikin.ac.cd (job: 376)
[2026-06-28 16:11:35] Email envoyé à mamy.ngole@unikin.ac.cd (job: 377)
[2026-06-28 16:11:36] Email envoyé à victor.ndadi@unikin.ac.cd (job: 378)
[2026-06-28 16:11:36] Email envoyé à desiremashinda@unikin.ac.cd (job: 379)
[2026-06-28 16:11:37] Email envoyé à harry.kayembe@unikin.ac.cd (job: 380)
[2026-06-28 16:11:37] Email envoyé à jm.kayembe@unikin.ac.cd (job: 381)
[2026-06-28 16:11:38] 10 email(s) traité(s)
[2026-06-28 16:11:38] Email envoyé à leopold.mfumu@unikin.ac.cd (job: 382)
[2026-06-28 16:11:38] Email envoyé à bienvenu.lebwaze@unikin.ac.cd (job: 383)
[2026-06-28 16:11:39] Email envoyé à rebecca.walo@unikin.ac.cd (job: 384)
[2026-06-28 16:11:39] Email envoyé à awa.sy@ucad.edu.sn (job: 385)
[2026-06-28 16:11:40] Email envoyé à aida.kanoute@ucad.edu.sn (job: 386)
[2026-06-28 16:11:40] Email envoyé à maty.camara@ucad.edu.sn (job: 387)
[2026-06-28 16:11:41] Email envoyé à nafissatou.sakho@ucad.edu.sn (job: 388)
[2026-06-28 16:11:41] Email envoyé à massamba.diouf@ucad.edu.sn (job: 389)
[2026-06-28 16:11:42] Email envoyé à omar.gassama@ucad.edu.sn (job: 390)
[2026-06-28 16:11:42] Email envoyé à mariamegueye.ba@ucad.edu.sn (job: 391)
[2026-06-28 16:11:43] 10 email(s) traité(s)
[2026-06-28 16:11:43] Email envoyé à abou.ba@ucad.edu.sn (job: 392)
[2026-06-28 16:11:44] Email envoyé à ndeyemaimouna.mbaye@ucad.edu.sn (job: 393)
[2026-06-28 16:11:44] Email envoyé à ousmane2.ndiaye@ucad.edu.sn (job: 394)
[2026-06-28 16:11:45] Email envoyé à oumar.bassoum@ucad.edu.sn (job: 395)
[2026-06-28 16:11:46] Email envoyé à abdoulaziz.diouf@ucad.edu.sn (job: 396)
[2026-06-28 16:11:46] Email envoyé à jeanaugustindiegane.tine@ucad.edu.sn (job: 397)
[2026-06-28 16:11:47] Email envoyé à mamadou.leye@ucad.edu.sn (job: 398)
[2026-06-28 16:11:47] Email envoyé à alou.diaby@ucad.edu.sn (job: 399)
[2026-06-28 16:11:48] Email envoyé à mbathio2.diop@ucad.edu.sn (job: 400)
[2026-06-28 16:11:48] Email envoyé à aissatou3.mbodji@ucad.edu.sn (job: 401)
[2026-06-28 16:11:49] 10 email(s) traité(s)
[2026-06-28 16:11:49] Email envoyé à mouhamadoumansour1.niang@ucad.edu.sn (job: 402)
[2026-06-28 16:11:50] Email envoyé à yakham.leye@ucad.edu.sn (job: 403)
[2026-06-28 16:11:50] Email envoyé à soufianou.moussa@ucad.edu.sn (job: 404)
[2026-06-28 16:11:51] Email envoyé à rbelouali@um6ss.ma (job: 405)
[2026-06-28 16:11:51] Email envoyé à issambennis@um6ss.ma (job: 406)
[2026-06-28 16:11:52] Email envoyé à drjheikel@gmail.com (job: 407)
[2026-06-28 16:11:52] Email envoyé à leptospirosis2012@hotmail.com (job: 408)
[2026-06-28 16:11:53] Email envoyé à sbelabbes@um6ss.ma (job: 409)
[2026-06-28 16:11:54] Email envoyé à szbiri@um6ss.ma (job: 410)
[2026-06-28 16:11:54] Email envoyé à ajamalalaoui@um6ss.ma (job: 411)
[2026-06-28 16:11:55] 10 email(s) traité(s)
[2026-06-28 16:11:56] Email envoyé à hloutfi@um6ss.ma (job: 412)
[2026-06-28 16:11:56] Email envoyé à relaje@um6ss.ma (job: 413)
[2026-06-28 16:11:57] Email envoyé à rmenani@um6ss.ma (job: 414)
[2026-06-28 16:11:57] Email envoyé à haitchihab@um6ss.ma (job: 415)
[2026-06-28 16:11:58] Email envoyé à mkhalis@um6ss.ma (job: 416)
[2026-06-28 16:11:58] Email envoyé à khayisam@gmail.com (job: 417)
[2026-06-28 16:11:59] Email envoyé à mben.casa@gmail.com (job: 418)
[2026-06-28 16:11:59] Email envoyé à tarik.chafiq1@gmail.com (job: 419)
[2026-06-28 16:12:00] Email envoyé à didier.ekouevi@gmail.com (job: 420)
[2026-06-28 16:12:00] Email envoyé à admin@your-domain.local (job: 421)
[2026-06-28 16:12:01] 10 email(s) traité(s)
[2026-06-28 16:12:01] Email envoyé à donatienkanane@gmail.com (job: 422)
[2026-06-28 16:12:02] 1 email(s) traité(s)
[2026-06-28 16:15:40] Email envoyé à pelagie.babakazo@unikin.ac.cd (job: 423)
[2026-06-28 16:15:41] Email envoyé à jeanjacques.muyembe@unikin.ac.cd (job: 424)
[2026-06-28 16:15:41] Email envoyé à pius.kabututu@unikin.ac.cd (job: 425)
[2026-06-28 16:15:42] Email envoyé à erick.kamangu@unikin.ac.cd (job: 426)
[2026-06-28 16:15:42] Email envoyé à vivi.maketa@unikin.ac.cd (job: 427)
[2026-06-28 16:15:43] Email envoyé à mamy.ngole@unikin.ac.cd (job: 428)
[2026-06-28 16:15:44] Email envoyé à victor.ndadi@unikin.ac.cd (job: 429)
[2026-06-28 16:15:44] Email envoyé à desiremashinda@unikin.ac.cd (job: 430)
[2026-06-28 16:15:45] Email envoyé à harry.kayembe@unikin.ac.cd (job: 431)
[2026-06-28 16:15:45] Email envoyé à jm.kayembe@unikin.ac.cd (job: 432)
[2026-06-28 16:15:46] 10 email(s) traité(s)
[2026-06-28 16:15:46] Email envoyé à leopold.mfumu@unikin.ac.cd (job: 433)
[2026-06-28 16:15:47] Email envoyé à bienvenu.lebwaze@unikin.ac.cd (job: 434)
[2026-06-28 16:15:47] Email envoyé à rebecca.walo@unikin.ac.cd (job: 435)
[2026-06-28 16:15:48] Email envoyé à awa.sy@ucad.edu.sn (job: 436)
[2026-06-28 16:15:49] Email envoyé à aida.kanoute@ucad.edu.sn (job: 437)
[2026-06-28 16:15:49] Email envoyé à maty.camara@ucad.edu.sn (job: 438)
[2026-06-28 16:15:50] Email envoyé à nafissatou.sakho@ucad.edu.sn (job: 439)
[2026-06-28 16:15:50] Email envoyé à massamba.diouf@ucad.edu.sn (job: 440)
[2026-06-28 16:15:51] Email envoyé à omar.gassama@ucad.edu.sn (job: 441)
[2026-06-28 16:15:52] Email envoyé à mariamegueye.ba@ucad.edu.sn (job: 442)
[2026-06-28 16:15:52] 10 email(s) traité(s)
[2026-06-28 16:15:54] Email envoyé à abou.ba@ucad.edu.sn (job: 443)
[2026-06-28 16:15:54] Email envoyé à ndeyemaimouna.mbaye@ucad.edu.sn (job: 444)
[2026-06-28 16:15:55] Email envoyé à ousmane2.ndiaye@ucad.edu.sn (job: 445)
[2026-06-28 16:15:56] Email envoyé à oumar.bassoum@ucad.edu.sn (job: 446)
[2026-06-28 16:15:57] Email envoyé à abdoulaziz.diouf@ucad.edu.sn (job: 447)
[2026-06-28 16:15:57] Email envoyé à jeanaugustindiegane.tine@ucad.edu.sn (job: 448)
[2026-06-28 16:15:58] Email envoyé à mamadou.leye@ucad.edu.sn (job: 449)
[2026-06-28 16:15:58] Email envoyé à alou.diaby@ucad.edu.sn (job: 450)
[2026-06-28 16:15:59] Email envoyé à mbathio2.diop@ucad.edu.sn (job: 451)
[2026-06-28 16:16:00] Email envoyé à aissatou3.mbodji@ucad.edu.sn (job: 452)
[2026-06-28 16:16:00] 10 email(s) traité(s)
[2026-06-28 16:16:00] Email envoyé à mouhamadoumansour1.niang@ucad.edu.sn (job: 453)
[2026-06-28 16:16:01] Email envoyé à yakham.leye@ucad.edu.sn (job: 454)
[2026-06-28 16:16:02] Email envoyé à soufianou.moussa@ucad.edu.sn (job: 455)
[2026-06-28 16:16:02] Email envoyé à rbelouali@um6ss.ma (job: 456)
[2026-06-28 16:16:03] Email envoyé à issambennis@um6ss.ma (job: 457)
[2026-06-28 16:16:03] Email envoyé à drjheikel@gmail.com (job: 458)
[2026-06-28 16:16:04] Email envoyé à leptospirosis2012@hotmail.com (job: 459)
[2026-06-28 16:16:04] Email envoyé à sbelabbes@um6ss.ma (job: 460)
[2026-06-28 16:16:05] Email envoyé à szbiri@um6ss.ma (job: 461)
[2026-06-28 16:16:06] Email envoyé à ajamalalaoui@um6ss.ma (job: 462)
[2026-06-28 16:16:06] 10 email(s) traité(s)
[2026-06-28 16:16:07] Email envoyé à hloutfi@um6ss.ma (job: 463)
[2026-06-28 16:16:07] Email envoyé à relaje@um6ss.ma (job: 464)
[2026-06-28 16:16:08] Email envoyé à rmenani@um6ss.ma (job: 465)
[2026-06-28 16:16:08] Email envoyé à haitchihab@um6ss.ma (job: 466)
[2026-06-28 16:16:09] Email envoyé à mkhalis@um6ss.ma (job: 467)
[2026-06-28 16:16:10] Email envoyé à khayisam@gmail.com (job: 468)
[2026-06-28 16:16:10] Email envoyé à mben.casa@gmail.com (job: 469)
[2026-06-28 16:16:11] Email envoyé à tarik.chafiq1@gmail.com (job: 470)
[2026-06-28 16:16:11] Email envoyé à didier.ekouevi@gmail.com (job: 471)
[2026-06-28 16:16:12] Email envoyé à admin@your-domain.local (job: 472)
[2026-06-28 16:16:13] 10 email(s) traité(s)
[2026-06-28 16:16:55] Email envoyé à donatienkanane@gmail.com (job: 473)
[2026-06-28 16:16:55] 1 email(s) traité(s)
[2026-06-28 16:21:07] Email envoyé à pelagie.babakazo@unikin.ac.cd (job: 474)
[2026-06-28 16:21:08] Email envoyé à jeanjacques.muyembe@unikin.ac.cd (job: 475)
[2026-06-28 16:21:08] Email envoyé à pius.kabututu@unikin.ac.cd (job: 476)
[2026-06-28 16:21:09] Email envoyé à erick.kamangu@unikin.ac.cd (job: 477)
[2026-06-28 16:21:09] Email envoyé à vivi.maketa@unikin.ac.cd (job: 478)
[2026-06-28 16:21:10] Email envoyé à mamy.ngole@unikin.ac.cd (job: 479)
[2026-06-28 16:21:11] Email envoyé à victor.ndadi@unikin.ac.cd (job: 480)
[2026-06-28 16:21:11] Email envoyé à desiremashinda@unikin.ac.cd (job: 481)
[2026-06-28 16:21:12] Email envoyé à harry.kayembe@unikin.ac.cd (job: 482)
[2026-06-28 16:21:12] Email envoyé à jm.kayembe@unikin.ac.cd (job: 483)
[2026-06-28 16:21:13] 10 email(s) traité(s)
[2026-06-28 16:21:13] Email envoyé à leopold.mfumu@unikin.ac.cd (job: 484)
[2026-06-28 16:21:14] Email envoyé à bienvenu.lebwaze@unikin.ac.cd (job: 485)
[2026-06-28 16:21:14] Email envoyé à rebecca.walo@unikin.ac.cd (job: 486)
[2026-06-28 16:21:15] Email envoyé à awa.sy@ucad.edu.sn (job: 487)
[2026-06-28 16:21:16] Email envoyé à aida.kanoute@ucad.edu.sn (job: 488)
[2026-06-28 16:21:16] Email envoyé à maty.camara@ucad.edu.sn (job: 489)
[2026-06-28 16:21:17] Email envoyé à nafissatou.sakho@ucad.edu.sn (job: 490)
[2026-06-28 16:21:17] Email envoyé à massamba.diouf@ucad.edu.sn (job: 491)
[2026-06-28 16:21:18] Email envoyé à omar.gassama@ucad.edu.sn (job: 492)
[2026-06-28 16:21:19] Email envoyé à mariamegueye.ba@ucad.edu.sn (job: 493)
[2026-06-28 16:21:19] 10 email(s) traité(s)
[2026-06-28 16:21:20] Email envoyé à abou.ba@ucad.edu.sn (job: 494)
[2026-06-28 16:21:20] Email envoyé à ndeyemaimouna.mbaye@ucad.edu.sn (job: 495)
[2026-06-28 16:21:21] Email envoyé à ousmane2.ndiaye@ucad.edu.sn (job: 496)
[2026-06-28 16:21:22] Email envoyé à oumar.bassoum@ucad.edu.sn (job: 497)
[2026-06-28 16:21:22] Email envoyé à abdoulaziz.diouf@ucad.edu.sn (job: 498)
[2026-06-28 16:21:23] Email envoyé à jeanaugustindiegane.tine@ucad.edu.sn (job: 499)
[2026-06-28 16:21:23] Email envoyé à mamadou.leye@ucad.edu.sn (job: 500)
[2026-06-28 16:21:24] Email envoyé à alou.diaby@ucad.edu.sn (job: 501)
[2026-06-28 16:21:24] Email envoyé à mbathio2.diop@ucad.edu.sn (job: 502)
[2026-06-28 16:21:25] Email envoyé à aissatou3.mbodji@ucad.edu.sn (job: 503)
[2026-06-28 16:21:25] 10 email(s) traité(s)
[2026-06-28 16:21:27] Email envoyé à mouhamadoumansour1.niang@ucad.edu.sn (job: 504)
[2026-06-28 16:21:27] Email envoyé à yakham.leye@ucad.edu.sn (job: 505)
[2026-06-28 16:21:28] Email envoyé à soufianou.moussa@ucad.edu.sn (job: 506)
[2026-06-28 16:21:28] Email envoyé à rbelouali@um6ss.ma (job: 507)
[2026-06-28 16:21:29] Email envoyé à issambennis@um6ss.ma (job: 508)
[2026-06-28 16:21:29] Email envoyé à drjheikel@gmail.com (job: 509)
[2026-06-28 16:21:30] Email envoyé à leptospirosis2012@hotmail.com (job: 510)
[2026-06-28 16:21:30] Email envoyé à sbelabbes@um6ss.ma (job: 511)
[2026-06-28 16:21:31] Email envoyé à szbiri@um6ss.ma (job: 512)
[2026-06-28 16:21:31] Email envoyé à ajamalalaoui@um6ss.ma (job: 513)
[2026-06-28 16:21:32] 10 email(s) traité(s)
[2026-06-28 16:21:33] Email envoyé à hloutfi@um6ss.ma (job: 514)
[2026-06-28 16:21:33] Email envoyé à relaje@um6ss.ma (job: 515)
[2026-06-28 16:21:34] Email envoyé à rmenani@um6ss.ma (job: 516)
[2026-06-28 16:21:34] Email envoyé à haitchihab@um6ss.ma (job: 517)
[2026-06-28 16:21:35] Email envoyé à mkhalis@um6ss.ma (job: 518)
[2026-06-28 16:21:35] Email envoyé à khayisam@gmail.com (job: 519)
[2026-06-28 16:21:36] Email envoyé à mben.casa@gmail.com (job: 520)
[2026-06-28 16:21:36] Email envoyé à tarik.chafiq1@gmail.com (job: 521)
[2026-06-28 16:21:37] Email envoyé à didier.ekouevi@gmail.com (job: 522)
[2026-06-28 16:21:37] Email envoyé à admin@your-domain.local (job: 523)
[2026-06-28 16:21:38] 10 email(s) traité(s)
[2026-06-28 16:21:39] Email envoyé à donatienkanane@gmail.com (job: 524)
[2026-06-28 16:21:39] 1 email(s) traité(s)
[2026-06-28 16:25:02] Email envoyé à pelagie.babakazo@unikin.ac.cd (job: 525)
[2026-06-28 16:25:03] Email envoyé à jeanjacques.muyembe@unikin.ac.cd (job: 526)
[2026-06-28 16:25:03] Email envoyé à pius.kabututu@unikin.ac.cd (job: 527)
[2026-06-28 16:25:04] Email envoyé à erick.kamangu@unikin.ac.cd (job: 528)
[2026-06-28 16:25:04] Email envoyé à vivi.maketa@unikin.ac.cd (job: 529)
[2026-06-28 16:25:05] Email envoyé à mamy.ngole@unikin.ac.cd (job: 530)
[2026-06-28 16:25:06] Email envoyé à victor.ndadi@unikin.ac.cd (job: 531)
[2026-06-28 16:25:06] Email envoyé à desiremashinda@unikin.ac.cd (job: 532)
[2026-06-28 16:25:07] Email envoyé à harry.kayembe@unikin.ac.cd (job: 533)
[2026-06-28 16:25:07] Email envoyé à jm.kayembe@unikin.ac.cd (job: 534)
[2026-06-28 16:25:08] 10 email(s) traité(s)
[2026-06-28 16:25:08] Email envoyé à leopold.mfumu@unikin.ac.cd (job: 535)
[2026-06-28 16:25:08] Email envoyé à bienvenu.lebwaze@unikin.ac.cd (job: 536)
[2026-06-28 16:25:09] Email envoyé à rebecca.walo@unikin.ac.cd (job: 537)
[2026-06-28 16:25:09] Email envoyé à awa.sy@ucad.edu.sn (job: 538)
[2026-06-28 16:25:10] Email envoyé à aida.kanoute@ucad.edu.sn (job: 539)
[2026-06-28 16:25:10] Email envoyé à maty.camara@ucad.edu.sn (job: 540)
[2026-06-28 16:25:11] Email envoyé à nafissatou.sakho@ucad.edu.sn (job: 541)
[2026-06-28 16:25:12] Email envoyé à massamba.diouf@ucad.edu.sn (job: 542)
[2026-06-28 16:25:12] Email envoyé à omar.gassama@ucad.edu.sn (job: 543)
[2026-06-28 16:25:13] Email envoyé à mariamegueye.ba@ucad.edu.sn (job: 544)
[2026-06-28 16:25:13] 10 email(s) traité(s)
[2026-06-28 16:25:14] Email envoyé à abou.ba@ucad.edu.sn (job: 545)
[2026-06-28 16:25:14] Email envoyé à ndeyemaimouna.mbaye@ucad.edu.sn (job: 546)
[2026-06-28 16:25:15] Email envoyé à ousmane2.ndiaye@ucad.edu.sn (job: 547)
[2026-06-28 16:25:15] Email envoyé à oumar.bassoum@ucad.edu.sn (job: 548)
[2026-06-28 16:25:16] Email envoyé à abdoulaziz.diouf@ucad.edu.sn (job: 549)
[2026-06-28 16:25:16] Email envoyé à jeanaugustindiegane.tine@ucad.edu.sn (job: 550)
[2026-06-28 16:25:17] Email envoyé à mamadou.leye@ucad.edu.sn (job: 551)
[2026-06-28 16:25:17] Email envoyé à alou.diaby@ucad.edu.sn (job: 552)
[2026-06-28 16:25:18] Email envoyé à mbathio2.diop@ucad.edu.sn (job: 553)
[2026-06-28 16:25:18] Email envoyé à aissatou3.mbodji@ucad.edu.sn (job: 554)
[2026-06-28 16:25:19] 10 email(s) traité(s)
[2026-06-28 16:25:20] Email envoyé à mouhamadoumansour1.niang@ucad.edu.sn (job: 555)
[2026-06-28 16:25:20] Email envoyé à yakham.leye@ucad.edu.sn (job: 556)
[2026-06-28 16:25:21] Email envoyé à soufianou.moussa@ucad.edu.sn (job: 557)
[2026-06-28 16:25:21] Email envoyé à rbelouali@um6ss.ma (job: 558)
[2026-06-28 16:25:22] Email envoyé à issambennis@um6ss.ma (job: 559)
[2026-06-28 16:25:22] Email envoyé à drjheikel@gmail.com (job: 560)
[2026-06-28 16:25:23] Email envoyé à leptospirosis2012@hotmail.com (job: 561)
[2026-06-28 16:25:23] Email envoyé à sbelabbes@um6ss.ma (job: 562)
[2026-06-28 16:25:24] Email envoyé à szbiri@um6ss.ma (job: 563)
[2026-06-28 16:25:24] Email envoyé à ajamalalaoui@um6ss.ma (job: 564)
[2026-06-28 16:25:25] 10 email(s) traité(s)
[2026-06-28 16:25:26] Email envoyé à hloutfi@um6ss.ma (job: 565)
[2026-06-28 16:25:26] Email envoyé à relaje@um6ss.ma (job: 566)
[2026-06-28 16:25:27] Email envoyé à rmenani@um6ss.ma (job: 567)
[2026-06-28 16:25:27] Email envoyé à haitchihab@um6ss.ma (job: 568)
[2026-06-28 16:25:28] Email envoyé à mkhalis@um6ss.ma (job: 569)
[2026-06-28 16:25:28] Email envoyé à khayisam@gmail.com (job: 570)
[2026-06-28 16:25:29] Email envoyé à mben.casa@gmail.com (job: 571)
[2026-06-28 16:25:29] Email envoyé à tarik.chafiq1@gmail.com (job: 572)
[2026-06-28 16:25:30] Email envoyé à didier.ekouevi@gmail.com (job: 573)
[2026-06-28 16:25:30] Email envoyé à admin@your-domain.local (job: 574)
[2026-06-28 16:25:31] 10 email(s) traité(s)
[2026-06-28 16:25:32] Email envoyé à donatienkanane@gmail.com (job: 575)
[2026-06-28 16:25:32] 1 email(s) traité(s)
